{
  "RSpec": {
    "coverage": {
      "/usr/src/backend/app/controllers/api/bank_accounts_controller.rb": {
        "lines": [
          null,
          null,
          1,
          1,
          1,
          3,
          3,
          null,
          3,
          null,
          null,
          null,
          null,
          null,
          3,
          null,
          null,
          1,
          5,
          null,
          5,
          3,
          null,
          2,
          null,
          null,
          null,
          1,
          2,
          null,
          2,
          0,
          null,
          2,
          null,
          null,
          null,
          1,
          null,
          1,
          5,
          null,
          null,
          1,
          2,
          null,
          null,
          1,
          10,
          null,
          null,
          null
        ]
      },
      "/usr/src/backend/app/controllers/application_controller.rb": {
        "lines": [
          null,
          null,
          1,
          null
        ]
      },
      "/usr/src/backend/app/controllers/api/bank_invoices_controller.rb": {
        "lines": [
          null,
          null,
          1,
          1,
          1,
          2,
          2,
          null,
          null,
          1,
          2,
          2,
          null,
          null,
          1,
          3,
          null,
          3,
          1,
          null,
          2,
          2,
          null,
          null,
          null,
          1,
          1,
          1,
          null,
          null,
          1,
          1,
          null,
          1,
          0,
          null,
          1,
          1,
          null,
          null,
          null,
          1,
          1,
          1,
          null,
          null,
          1,
          null,
          1,
          3,
          null,
          null,
          null,
          1,
          10,
          null,
          null,
          null
        ]
      },
      "/usr/src/backend/app/controllers/api/customers_controller.rb": {
        "lines": [
          null,
          null,
          1,
          1,
          1,
          2,
          2,
          null,
          2,
          null,
          null,
          null,
          null,
          null,
          null,
          2,
          null,
          null,
          1,
          2,
          null,
          2,
          0,
          null,
          2,
          2,
          null,
          null,
          null,
          null,
          1,
          2,
          2,
          null,
          null,
          1,
          1,
          null,
          1,
          0,
          null,
          1,
          null,
          null,
          null,
          1,
          1,
          null,
          1,
          0,
          null,
          1,
          null,
          null,
          null,
          1,
          null,
          1,
          8,
          null,
          null,
          1,
          3,
          null,
          null,
          1,
          3,
          null,
          null,
          1,
          3,
          null,
          null,
          null
        ]
      },
      "/usr/src/backend/app/controllers/api/people_controller.rb": {
        "lines": [
          null,
          null,
          1,
          1,
          1,
          2,
          2,
          null,
          null,
          1,
          null,
          1,
          0,
          null,
          null,
          null
        ]
      },
      "/usr/src/backend/app/controllers/api/providers_controller.rb": {
        "lines": [
          null,
          null,
          1,
          1,
          1,
          2,
          2,
          null,
          2,
          null,
          null,
          null,
          null,
          null,
          2,
          null,
          null,
          1,
          2,
          null,
          2,
          0,
          null,
          2,
          2,
          null,
          null,
          null,
          null,
          1,
          2,
          2,
          null,
          null,
          1,
          1,
          null,
          1,
          0,
          null,
          1,
          null,
          null,
          null,
          1,
          1,
          null,
          1,
          0,
          null,
          1,
          null,
          null,
          null,
          1,
          null,
          1,
          6,
          null,
          null,
          1,
          3,
          null,
          null,
          1,
          3,
          null,
          null,
          1,
          3,
          null,
          null,
          null
        ]
      },
      "/usr/src/backend/app/controllers/api/categories_controller.rb": {
        "lines": [
          null,
          null,
          1,
          1,
          1,
          1,
          1,
          null,
          null,
          1,
          1,
          null,
          1,
          0,
          null,
          1,
          null,
          null,
          null,
          1,
          1,
          null,
          1,
          0,
          null,
          1,
          null,
          null,
          null,
          1,
          null,
          1,
          1,
          null,
          null,
          1,
          2,
          null,
          null,
          null
        ]
      },
      "/usr/src/backend/app/serializers/customer_serializer.rb": {
        "lines": [
          null,
          null,
          1,
          1,
          null
        ]
      },
      "/usr/src/backend/app/serializers/person_serializer.rb": {
        "lines": [
          null,
          null,
          1,
          1,
          null
        ]
      },
      "/usr/src/backend/app/serializers/provider_serializer.rb": {
        "lines": [
          null,
          null,
          1,
          1,
          null
        ]
      },
      "/usr/src/backend/app/models/bank_account.rb": {
        "lines": [
          null,
          null,
          1,
          1,
          null
        ]
      },
      "/usr/src/backend/app/models/application_record.rb": {
        "lines": [
          null,
          null,
          1,
          1,
          null
        ]
      },
      "/usr/src/backend/app/services/bank_account_service.rb": {
        "lines": [
          null,
          null,
          1,
          1,
          3,
          null,
          null,
          1,
          5,
          null,
          2,
          2,
          2,
          2,
          2,
          null,
          0,
          null,
          null,
          null,
          1,
          2,
          2,
          2,
          null,
          null,
          1,
          0,
          null,
          null,
          1,
          2,
          2,
          2,
          null,
          2,
          null,
          0,
          null,
          0,
          null,
          0,
          null,
          null,
          null,
          1,
          null,
          1,
          0,
          null,
          null
        ]
      },
      "/usr/src/backend/app/serializers/bank_account_serializer.rb": {
        "lines": [
          null,
          null,
          1,
          1,
          null
        ]
      },
      "/usr/src/backend/app/models/bank_invoice.rb": {
        "lines": [
          null,
          null,
          1,
          1,
          1,
          1,
          null
        ]
      },
      "/usr/src/backend/app/services/bank_invoice_service.rb": {
        "lines": [
          null,
          null,
          1,
          1,
          2,
          2,
          2,
          2,
          2,
          null,
          null,
          null,
          null,
          null,
          null,
          null,
          null,
          1,
          3,
          null,
          2,
          2,
          null,
          2,
          2,
          2,
          null,
          2,
          null,
          0,
          null,
          null,
          null,
          1,
          3,
          3,
          3,
          null,
          null,
          1,
          5,
          5,
          5,
          5,
          5,
          5,
          null,
          null,
          1,
          2,
          null,
          2,
          null,
          null,
          null,
          null,
          null,
          2,
          null,
          null,
          1,
          3,
          2,
          1,
          0,
          null,
          1,
          null,
          null,
          null,
          1,
          0,
          null,
          null,
          1,
          1,
          1,
          1,
          1,
          1,
          1,
          null,
          1,
          1,
          null,
          1,
          1,
          null,
          1,
          null,
          0,
          null,
          null,
          null,
          1,
          1,
          null,
          1,
          1,
          1,
          1,
          null,
          0,
          0,
          0,
          0,
          null,
          0,
          0,
          0,
          null,
          0,
          null,
          null,
          1,
          1,
          null,
          1,
          1,
          null,
          1,
          null,
          0,
          null,
          null,
          null,
          1,
          null,
          1,
          1,
          null,
          null
        ]
      },
      "/usr/src/backend/app/models/category.rb": {
        "lines": [
          null,
          null,
          1,
          null
        ]
      },
      "/usr/src/backend/app/models/person.rb": {
        "lines": [
          null,
          null,
          1,
          1,
          1,
          1,
          1,
          null
        ]
      },
      "/usr/src/backend/app/serializers/bank_invoice_serializer.rb": {
        "lines": [
          null,
          null,
          1,
          1,
          null,
          null,
          1,
          3,
          null,
          null,
          1,
          3,
          null,
          null
        ]
      },
      "/usr/src/backend/app/models/customer.rb": {
        "lines": [
          null,
          null,
          1,
          1,
          null
        ]
      },
      "/usr/src/backend/app/services/customer_service.rb": {
        "lines": [
          null,
          null,
          1,
          1,
          8,
          null,
          null,
          1,
          2,
          null,
          null,
          1,
          2,
          2,
          2,
          2,
          2,
          2,
          null,
          2,
          null,
          0,
          null,
          null,
          null,
          1,
          2,
          null,
          null,
          1,
          3,
          null,
          0,
          null,
          null,
          1,
          2,
          null,
          null,
          1,
          1,
          1,
          null,
          1,
          1,
          1,
          1,
          null,
          1,
          null,
          0,
          null,
          null,
          null,
          1,
          1,
          1,
          null,
          1,
          1,
          1,
          1,
          null,
          1,
          null,
          0,
          null,
          null,
          null,
          1,
          null,
          1,
          4,
          4,
          4,
          null,
          4,
          null,
          null
        ]
      },
      "/usr/src/backend/app/models/address.rb": {
        "lines": [
          null,
          null,
          1,
          1,
          null
        ]
      },
      "/usr/src/backend/app/models/provider.rb": {
        "lines": [
          null,
          null,
          1,
          1,
          null
        ]
      },
      "/usr/src/backend/app/services/provider_service.rb": {
        "lines": [
          null,
          null,
          1,
          1,
          6,
          null,
          null,
          1,
          0,
          null,
          null,
          1,
          2,
          2,
          null,
          2,
          2,
          2,
          2,
          null,
          2,
          null,
          0,
          null,
          null,
          null,
          1,
          3,
          null,
          0,
          null,
          null,
          1,
          2,
          null,
          null,
          1,
          2,
          null,
          null,
          1,
          1,
          1,
          null,
          1,
          1,
          1,
          1,
          null,
          1,
          null,
          0,
          null,
          null,
          null,
          1,
          1,
          1,
          null,
          1,
          1,
          1,
          1,
          null,
          1,
          null,
          0,
          null,
          null,
          null,
          1,
          null,
          1,
          4,
          4,
          4,
          null,
          4,
          null,
          null
        ]
      },
      "/usr/src/backend/app/serializers/category_serializer.rb": {
        "lines": [
          1,
          1,
          null
        ]
      },
      "/usr/src/backend/app/services/category_service.rb": {
        "lines": [
          null,
          null,
          1,
          1,
          2,
          null,
          null,
          1,
          1,
          1,
          1,
          null,
          0,
          null,
          null,
          null,
          1,
          1,
          1,
          1,
          1,
          1,
          null,
          0,
          null,
          null,
          null,
          1,
          null,
          1,
          1,
          1,
          null,
          null
        ]
      },
      "/usr/src/backend/app/channels/application_cable/channel.rb": {
        "lines": [
          null,
          null,
          0,
          0,
          0,
          0
        ],
        "branches": {
        }
      },
      "/usr/src/backend/app/channels/application_cable/connection.rb": {
        "lines": [
          null,
          null,
          0,
          0,
          0,
          0
        ],
        "branches": {
        }
      },
      "/usr/src/backend/app/jobs/application_job.rb": {
        "lines": [
          null,
          null,
          0,
          null,
          null,
          null,
          null,
          null,
          0
        ],
        "branches": {
        }
      },
      "/usr/src/backend/app/mailers/application_mailer.rb": {
        "lines": [
          null,
          null,
          0,
          0,
          0,
          0
        ],
        "branches": {
        }
      },
      "/usr/src/backend/app/models/role.rb": {
        "lines": [
          null,
          null,
          0,
          0,
          0
        ],
        "branches": {
        }
      }
    },
    "timestamp": 1701538452
  }
}
